  BankProtocol.cpp
  Please define _WIN32_WINNT or _WIN32_WINDOWS appropriately. For example:
  - add -D_WIN32_WINNT=0x0601 to the compiler command line; or
  - add _WIN32_WINNT=0x0601 to your project's Preprocessor Definitions.
  Assuming _WIN32_WINNT=0x0601 (i.e. Windows 7 target).
  boostTEST.cpp
  Please define _WIN32_WINNT or _WIN32_WINDOWS appropriately. For example:
  - add -D_WIN32_WINNT=0x0601 to the compiler command line; or
  - add _WIN32_WINNT=0x0601 to your project's Preprocessor Definitions.
  Assuming _WIN32_WINNT=0x0601 (i.e. Windows 7 target).
C:\Users\31337\source\repos\bank\bankserver\bankserver\bank_error.h(4,30): warning C4091: 'typedef ': 변수를 선언하지 않으면 'session_error' 왼쪽은 무시됩니다.
C:\Users\31337\source\repos\bank\bankserver\bankserver\bank_error.h(5,34): warning C4091: 'typedef ': 변수를 선언하지 않으면 'transaction_error' 왼쪽은 무시됩니다.
C:\Users\31337\source\repos\bank\bankserver\bankserver\bank_error.h(6,35): warning C4091: 'typedef ': 변수를 선언하지 않으면 'session_pool_error' 왼쪽은 무시됩니다.
C:\Users\31337\source\repos\bank\bankserver\bankserver\bank_error.h(7,31): warning C4091: 'typedef ': 변수를 선언하지 않으면 'listener_error' 왼쪽은 무시됩니다.
C:\Users\31337\source\repos\bank\bankserver\bankserver\bank_error.h(8,31): warning C4091: 'typedef ': 변수를 선언하지 않으면 'db_query_error' 왼쪽은 무시됩니다.
C:\Users\31337\source\repos\bank\bankserver\bankserver\bank_error.h(10,72): warning C4091: 'typedef ': 변수를 선언하지 않으면 'session_result' 왼쪽은 무시됩니다.
C:\Users\31337\source\repos\bank\bankserver\bankserver\bank_error.h(11,76): warning C4091: 'typedef ': 변수를 선언하지 않으면 'transaction_result' 왼쪽은 무시됩니다.
C:\Users\31337\source\repos\bank\bankserver\bankserver\bank_error.h(12,77): warning C4091: 'typedef ': 변수를 선언하지 않으면 'session_pool_result' 왼쪽은 무시됩니다.
C:\Users\31337\source\repos\bank\bankserver\bankserver\bank_error.h(13,73): warning C4091: 'typedef ': 변수를 선언하지 않으면 'listener_result' 왼쪽은 무시됩니다.
C:\Users\31337\source\repos\bank\bankserver\bankserver\bank_error.h(14,73): warning C4091: 'typedef ': 변수를 선언하지 않으면 'db_query_result' 왼쪽은 무시됩니다.
C:\Users\31337\source\repos\bank\bankserver\bankserver\bank_error.h(16,71): warning C4091: 'typedef ': 변수를 선언하지 않으면 'action_status' 왼쪽은 무시됩니다.
C:\Users\31337\source\repos\bank\bankserver\bankserver\bank_error.h(23,2): warning C4091: 'typedef ': 변수를 선언하지 않으면 'result_type' 왼쪽은 무시됩니다.
C:\Users\31337\source\repos\bank\bankserver\bankserver\listener.h(39,1): warning C4305: '인수': 'const uint32_t'에서 'char'(으)로 잘립니다.
C:\Users\31337\source\repos\bank\bankserver\bankserver\listener.h(39,39): warning C4309: '인수': 상수 값이 잘립니다.
C:\Users\31337\source\repos\bank\bankserver\bankserver\listener.h(41,1): warning C4267: '인수': 'size_t'에서 'uint32_t'(으)로 변환하면서 데이터가 손실될 수 있습니다.
  db_query.cpp
  Please define _WIN32_WINNT or _WIN32_WINDOWS appropriately. For example:
  - add -D_WIN32_WINNT=0x0601 to the compiler command line; or
  - add _WIN32_WINNT=0x0601 to your project's Preprocessor Definitions.
  Assuming _WIN32_WINNT=0x0601 (i.e. Windows 7 target).
C:\Users\31337\source\repos\bank\bankserver\bankserver\bank_error.h(4,30): warning C4091: 'typedef ': 변수를 선언하지 않으면 'session_error' 왼쪽은 무시됩니다.
C:\Users\31337\source\repos\bank\bankserver\bankserver\bank_error.h(5,34): warning C4091: 'typedef ': 변수를 선언하지 않으면 'transaction_error' 왼쪽은 무시됩니다.
C:\Users\31337\source\repos\bank\bankserver\bankserver\bank_error.h(6,35): warning C4091: 'typedef ': 변수를 선언하지 않으면 'session_pool_error' 왼쪽은 무시됩니다.
C:\Users\31337\source\repos\bank\bankserver\bankserver\bank_error.h(7,31): warning C4091: 'typedef ': 변수를 선언하지 않으면 'listener_error' 왼쪽은 무시됩니다.
C:\Users\31337\source\repos\bank\bankserver\bankserver\bank_error.h(8,31): warning C4091: 'typedef ': 변수를 선언하지 않으면 'db_query_error' 왼쪽은 무시됩니다.
C:\Users\31337\source\repos\bank\bankserver\bankserver\bank_error.h(10,72): warning C4091: 'typedef ': 변수를 선언하지 않으면 'session_result' 왼쪽은 무시됩니다.
C:\Users\31337\source\repos\bank\bankserver\bankserver\bank_error.h(11,76): warning C4091: 'typedef ': 변수를 선언하지 않으면 'transaction_result' 왼쪽은 무시됩니다.
C:\Users\31337\source\repos\bank\bankserver\bankserver\bank_error.h(12,77): warning C4091: 'typedef ': 변수를 선언하지 않으면 'session_pool_result' 왼쪽은 무시됩니다.
C:\Users\31337\source\repos\bank\bankserver\bankserver\bank_error.h(13,73): warning C4091: 'typedef ': 변수를 선언하지 않으면 'listener_result' 왼쪽은 무시됩니다.
C:\Users\31337\source\repos\bank\bankserver\bankserver\bank_error.h(14,73): warning C4091: 'typedef ': 변수를 선언하지 않으면 'db_query_result' 왼쪽은 무시됩니다.
C:\Users\31337\source\repos\bank\bankserver\bankserver\bank_error.h(16,71): warning C4091: 'typedef ': 변수를 선언하지 않으면 'action_status' 왼쪽은 무시됩니다.
C:\Users\31337\source\repos\bank\bankserver\bankserver\bank_error.h(23,2): warning C4091: 'typedef ': 변수를 선언하지 않으면 'result_type' 왼쪽은 무시됩니다.
  listener.cpp
  Please define _WIN32_WINNT or _WIN32_WINDOWS appropriately. For example:
  - add -D_WIN32_WINNT=0x0601 to the compiler command line; or
  - add _WIN32_WINNT=0x0601 to your project's Preprocessor Definitions.
  Assuming _WIN32_WINNT=0x0601 (i.e. Windows 7 target).
C:\Users\31337\source\repos\bank\bankserver\bankserver\bank_error.h(4,30): warning C4091: 'typedef ': 변수를 선언하지 않으면 'session_error' 왼쪽은 무시됩니다.
C:\Users\31337\source\repos\bank\bankserver\bankserver\bank_error.h(5,34): warning C4091: 'typedef ': 변수를 선언하지 않으면 'transaction_error' 왼쪽은 무시됩니다.
C:\Users\31337\source\repos\bank\bankserver\bankserver\bank_error.h(6,35): warning C4091: 'typedef ': 변수를 선언하지 않으면 'session_pool_error' 왼쪽은 무시됩니다.
C:\Users\31337\source\repos\bank\bankserver\bankserver\bank_error.h(7,31): warning C4091: 'typedef ': 변수를 선언하지 않으면 'listener_error' 왼쪽은 무시됩니다.
C:\Users\31337\source\repos\bank\bankserver\bankserver\bank_error.h(8,31): warning C4091: 'typedef ': 변수를 선언하지 않으면 'db_query_error' 왼쪽은 무시됩니다.
C:\Users\31337\source\repos\bank\bankserver\bankserver\bank_error.h(10,72): warning C4091: 'typedef ': 변수를 선언하지 않으면 'session_result' 왼쪽은 무시됩니다.
C:\Users\31337\source\repos\bank\bankserver\bankserver\bank_error.h(11,76): warning C4091: 'typedef ': 변수를 선언하지 않으면 'transaction_result' 왼쪽은 무시됩니다.
C:\Users\31337\source\repos\bank\bankserver\bankserver\bank_error.h(12,77): warning C4091: 'typedef ': 변수를 선언하지 않으면 'session_pool_result' 왼쪽은 무시됩니다.
C:\Users\31337\source\repos\bank\bankserver\bankserver\bank_error.h(13,73): warning C4091: 'typedef ': 변수를 선언하지 않으면 'listener_result' 왼쪽은 무시됩니다.
C:\Users\31337\source\repos\bank\bankserver\bankserver\bank_error.h(14,73): warning C4091: 'typedef ': 변수를 선언하지 않으면 'db_query_result' 왼쪽은 무시됩니다.
C:\Users\31337\source\repos\bank\bankserver\bankserver\bank_error.h(16,71): warning C4091: 'typedef ': 변수를 선언하지 않으면 'action_status' 왼쪽은 무시됩니다.
C:\Users\31337\source\repos\bank\bankserver\bankserver\bank_error.h(23,2): warning C4091: 'typedef ': 변수를 선언하지 않으면 'result_type' 왼쪽은 무시됩니다.
C:\Users\31337\source\repos\bank\bankserver\bankserver\listener.h(39,1): warning C4305: '인수': 'const uint32_t'에서 'char'(으)로 잘립니다.
C:\Users\31337\source\repos\bank\bankserver\bankserver\listener.h(39,39): warning C4309: '인수': 상수 값이 잘립니다.
C:\Users\31337\source\repos\bank\bankserver\bankserver\listener.h(41,1): warning C4267: '인수': 'size_t'에서 'uint32_t'(으)로 변환하면서 데이터가 손실될 수 있습니다.
  session.cpp
  Please define _WIN32_WINNT or _WIN32_WINDOWS appropriately. For example:
  - add -D_WIN32_WINNT=0x0601 to the compiler command line; or
  - add _WIN32_WINNT=0x0601 to your project's Preprocessor Definitions.
  Assuming _WIN32_WINNT=0x0601 (i.e. Windows 7 target).
  session_pool.cpp
  Please define _WIN32_WINNT or _WIN32_WINDOWS appropriately. For example:
  - add -D_WIN32_WINNT=0x0601 to the compiler command line; or
  - add _WIN32_WINNT=0x0601 to your project's Preprocessor Definitions.
  Assuming _WIN32_WINNT=0x0601 (i.e. Windows 7 target).
C:\Users\31337\source\repos\bank\bankserver\bankserver\session_pool.cpp(22,28): warning C4267: 'return': 'size_t'에서 'int'(으)로 변환하면서 데이터가 손실될 수 있습니다.
  코드를 생성하고 있습니다...
C:\Users\31337\source\repos\bank\bankserver\bankserver\listener.h(89): warning C4715: 'service::handle_client': 모든 제어 경로에서 값을 반환하지는 않습니다.
C:\Users\31337\source\repos\bank\bankserver\bankserver\BankProtocol.cpp(71): warning C4715: 'bank_network_methods::parse_data_buf_to_transaction': 모든 제어 경로에서 값을 반환하지는 않습니다.
  bankserver.vcxproj -> C:\Users\31337\source\repos\bank\bankserver\x64\Debug\bankserver.exe
