  boostTEST.cpp
  Please define _WIN32_WINNT or _WIN32_WINDOWS appropriately. For example:
  - add -D_WIN32_WINNT=0x0601 to the compiler command line; or
  - add _WIN32_WINNT=0x0601 to your project's Preprocessor Definitions.
  Assuming _WIN32_WINNT=0x0601 (i.e. Windows 7 target).
C:\Users\31337\source\repos\bank\bankserver\bankserver\listener.h(39,1): warning C4305: '인수': 'const uint32_t'에서 'char'(으)로 잘립니다.
C:\Users\31337\source\repos\bank\bankserver\bankserver\listener.h(39,39): warning C4309: '인수': 상수 값이 잘립니다.
C:\Users\31337\source\repos\bank\bankserver\bankserver\boostTEST.cpp(83,28): warning C4930: 'db_controller::bank_query bq(void)': 프로토타입 함수가 호출되지 않았습니다. 변수 정의로 사용하려고 한 것은 아닌지 확인하십시오.
  db_query.cpp
  Please define _WIN32_WINNT or _WIN32_WINDOWS appropriately. For example:
  - add -D_WIN32_WINNT=0x0601 to the compiler command line; or
  - add _WIN32_WINNT=0x0601 to your project's Preprocessor Definitions.
  Assuming _WIN32_WINNT=0x0601 (i.e. Windows 7 target).
  listener.cpp
  Please define _WIN32_WINNT or _WIN32_WINDOWS appropriately. For example:
  - add -D_WIN32_WINNT=0x0601 to the compiler command line; or
  - add _WIN32_WINNT=0x0601 to your project's Preprocessor Definitions.
  Assuming _WIN32_WINNT=0x0601 (i.e. Windows 7 target).
C:\Users\31337\source\repos\bank\bankserver\bankserver\listener.h(39,1): warning C4305: '인수': 'const uint32_t'에서 'char'(으)로 잘립니다.
C:\Users\31337\source\repos\bank\bankserver\bankserver\listener.h(39,39): warning C4309: '인수': 상수 값이 잘립니다.
  코드를 생성하고 있습니다...
C:\Users\31337\source\repos\bank\bankserver\bankserver\listener.h(81): warning C4715: 'service::handle_client': 모든 제어 경로에서 값을 반환하지는 않습니다.
db_query.obj : error LNK2019: _PQconnectdb 외부 기호(참조 위치: "public: __thiscall db_controller::bank_query::bank_query(void)" (??0bank_query@db_controller@@QAE@XZ) 함수)에서 확인하지 못했습니다.
db_query.obj : error LNK2019: _PQstatus 외부 기호(참조 위치: "public: __thiscall db_controller::bank_query::bank_query(void)" (??0bank_query@db_controller@@QAE@XZ) 함수)에서 확인하지 못했습니다.
db_query.obj : error LNK2019: _PQexec 외부 기호(참조 위치: "public: __thiscall db_controller::bank_query::bank_query(void)" (??0bank_query@db_controller@@QAE@XZ) 함수)에서 확인하지 못했습니다.
db_query.obj : error LNK2019: _PQntuples 외부 기호(참조 위치: "public: __thiscall db_controller::bank_query::bank_query(void)" (??0bank_query@db_controller@@QAE@XZ) 함수)에서 확인하지 못했습니다.
db_query.obj : error LNK2019: _PQgetvalue 외부 기호(참조 위치: "public: __thiscall db_controller::bank_query::bank_query(void)" (??0bank_query@db_controller@@QAE@XZ) 함수)에서 확인하지 못했습니다.
C:\Users\31337\source\repos\bank\bankserver\lib\iconv.lib : warning LNK4272: 'x64' 라이브러리 컴퓨터 종류가 'x86' 대상 컴퓨터 종류와 충돌합니다.
C:\Users\31337\source\repos\bank\bankserver\lib\libcrypto.lib : warning LNK4272: 'x64' 라이브러리 컴퓨터 종류가 'x86' 대상 컴퓨터 종류와 충돌합니다.
C:\Users\31337\source\repos\bank\bankserver\lib\libecpg.lib : warning LNK4272: 'x64' 라이브러리 컴퓨터 종류가 'x86' 대상 컴퓨터 종류와 충돌합니다.
C:\Users\31337\source\repos\bank\bankserver\lib\libecpg_compat.lib : warning LNK4272: 'x64' 라이브러리 컴퓨터 종류가 'x86' 대상 컴퓨터 종류와 충돌합니다.
C:\Users\31337\source\repos\bank\bankserver\lib\libintl.lib : warning LNK4272: 'x64' 라이브러리 컴퓨터 종류가 'x86' 대상 컴퓨터 종류와 충돌합니다.
C:\Users\31337\source\repos\bank\bankserver\lib\libpgcommon.lib : warning LNK4272: 'x64' 라이브러리 컴퓨터 종류가 'x86' 대상 컴퓨터 종류와 충돌합니다.
C:\Users\31337\source\repos\bank\bankserver\lib\libpgport.lib : warning LNK4272: 'x64' 라이브러리 컴퓨터 종류가 'x86' 대상 컴퓨터 종류와 충돌합니다.
C:\Users\31337\source\repos\bank\bankserver\lib\libpgtypes.lib : warning LNK4272: 'x64' 라이브러리 컴퓨터 종류가 'x86' 대상 컴퓨터 종류와 충돌합니다.
C:\Users\31337\source\repos\bank\bankserver\lib\libpq.lib : warning LNK4272: 'x64' 라이브러리 컴퓨터 종류가 'x86' 대상 컴퓨터 종류와 충돌합니다.
C:\Users\31337\source\repos\bank\bankserver\lib\libssl.lib : warning LNK4272: 'x64' 라이브러리 컴퓨터 종류가 'x86' 대상 컴퓨터 종류와 충돌합니다.
C:\Users\31337\source\repos\bank\bankserver\lib\libxml2.lib : warning LNK4272: 'x64' 라이브러리 컴퓨터 종류가 'x86' 대상 컴퓨터 종류와 충돌합니다.
C:\Users\31337\source\repos\bank\bankserver\lib\libxslt.lib : warning LNK4272: 'x64' 라이브러리 컴퓨터 종류가 'x86' 대상 컴퓨터 종류와 충돌합니다.
C:\Users\31337\source\repos\bank\bankserver\lib\postgres.lib : warning LNK4272: 'x64' 라이브러리 컴퓨터 종류가 'x86' 대상 컴퓨터 종류와 충돌합니다.
C:\Users\31337\source\repos\bank\bankserver\lib\wxbase28u.lib : warning LNK4272: 'x64' 라이브러리 컴퓨터 종류가 'x86' 대상 컴퓨터 종류와 충돌합니다.
C:\Users\31337\source\repos\bank\bankserver\lib\wxbase28u_net.lib : warning LNK4272: 'x64' 라이브러리 컴퓨터 종류가 'x86' 대상 컴퓨터 종류와 충돌합니다.
C:\Users\31337\source\repos\bank\bankserver\lib\wxbase28u_xml.lib : warning LNK4272: 'x64' 라이브러리 컴퓨터 종류가 'x86' 대상 컴퓨터 종류와 충돌합니다.
C:\Users\31337\source\repos\bank\bankserver\lib\wxmsw28u_adv.lib : warning LNK4272: 'x64' 라이브러리 컴퓨터 종류가 'x86' 대상 컴퓨터 종류와 충돌합니다.
C:\Users\31337\source\repos\bank\bankserver\lib\wxmsw28u_aui.lib : warning LNK4272: 'x64' 라이브러리 컴퓨터 종류가 'x86' 대상 컴퓨터 종류와 충돌합니다.
C:\Users\31337\source\repos\bank\bankserver\lib\wxmsw28u_core.lib : warning LNK4272: 'x64' 라이브러리 컴퓨터 종류가 'x86' 대상 컴퓨터 종류와 충돌합니다.
C:\Users\31337\source\repos\bank\bankserver\lib\wxmsw28u_html.lib : warning LNK4272: 'x64' 라이브러리 컴퓨터 종류가 'x86' 대상 컴퓨터 종류와 충돌합니다.
C:\Users\31337\source\repos\bank\bankserver\lib\wxmsw28u_stc.lib : warning LNK4272: 'x64' 라이브러리 컴퓨터 종류가 'x86' 대상 컴퓨터 종류와 충돌합니다.
C:\Users\31337\source\repos\bank\bankserver\lib\wxmsw28u_xrc.lib : warning LNK4272: 'x64' 라이브러리 컴퓨터 종류가 'x86' 대상 컴퓨터 종류와 충돌합니다.
C:\Users\31337\source\repos\bank\bankserver\lib\zlib.lib : warning LNK4272: 'x64' 라이브러리 컴퓨터 종류가 'x86' 대상 컴퓨터 종류와 충돌합니다.
..\..\..\..\..\Downloads\postgresql-10.12-3-windows-x64-binaries\pgsql\lib\iconv.lib : warning LNK4272: 'x64' 라이브러리 컴퓨터 종류가 'x86' 대상 컴퓨터 종류와 충돌합니다.
..\..\..\..\..\Downloads\postgresql-10.12-3-windows-x64-binaries\pgsql\lib\libcrypto.lib : warning LNK4272: 'x64' 라이브러리 컴퓨터 종류가 'x86' 대상 컴퓨터 종류와 충돌합니다.
..\..\..\..\..\Downloads\postgresql-10.12-3-windows-x64-binaries\pgsql\lib\libecpg.lib : warning LNK4272: 'x64' 라이브러리 컴퓨터 종류가 'x86' 대상 컴퓨터 종류와 충돌합니다.
..\..\..\..\..\Downloads\postgresql-10.12-3-windows-x64-binaries\pgsql\lib\libecpg_compat.lib : warning LNK4272: 'x64' 라이브러리 컴퓨터 종류가 'x86' 대상 컴퓨터 종류와 충돌합니다.
..\..\..\..\..\Downloads\postgresql-10.12-3-windows-x64-binaries\pgsql\lib\libintl.lib : warning LNK4272: 'x64' 라이브러리 컴퓨터 종류가 'x86' 대상 컴퓨터 종류와 충돌합니다.
..\..\..\..\..\Downloads\postgresql-10.12-3-windows-x64-binaries\pgsql\lib\libpgcommon.lib : warning LNK4272: 'x64' 라이브러리 컴퓨터 종류가 'x86' 대상 컴퓨터 종류와 충돌합니다.
..\..\..\..\..\Downloads\postgresql-10.12-3-windows-x64-binaries\pgsql\lib\libpgport.lib : warning LNK4272: 'x64' 라이브러리 컴퓨터 종류가 'x86' 대상 컴퓨터 종류와 충돌합니다.
..\..\..\..\..\Downloads\postgresql-10.12-3-windows-x64-binaries\pgsql\lib\libpgtypes.lib : warning LNK4272: 'x64' 라이브러리 컴퓨터 종류가 'x86' 대상 컴퓨터 종류와 충돌합니다.
..\..\..\..\..\Downloads\postgresql-10.12-3-windows-x64-binaries\pgsql\lib\libpq.lib : warning LNK4272: 'x64' 라이브러리 컴퓨터 종류가 'x86' 대상 컴퓨터 종류와 충돌합니다.
..\..\..\..\..\Downloads\postgresql-10.12-3-windows-x64-binaries\pgsql\lib\libssl.lib : warning LNK4272: 'x64' 라이브러리 컴퓨터 종류가 'x86' 대상 컴퓨터 종류와 충돌합니다.
..\..\..\..\..\Downloads\postgresql-10.12-3-windows-x64-binaries\pgsql\lib\libxml2.lib : warning LNK4272: 'x64' 라이브러리 컴퓨터 종류가 'x86' 대상 컴퓨터 종류와 충돌합니다.
..\..\..\..\..\Downloads\postgresql-10.12-3-windows-x64-binaries\pgsql\lib\libxslt.lib : warning LNK4272: 'x64' 라이브러리 컴퓨터 종류가 'x86' 대상 컴퓨터 종류와 충돌합니다.
..\..\..\..\..\Downloads\postgresql-10.12-3-windows-x64-binaries\pgsql\lib\postgres.lib : warning LNK4272: 'x64' 라이브러리 컴퓨터 종류가 'x86' 대상 컴퓨터 종류와 충돌합니다.
..\..\..\..\..\Downloads\postgresql-10.12-3-windows-x64-binaries\pgsql\lib\wxbase28u.lib : warning LNK4272: 'x64' 라이브러리 컴퓨터 종류가 'x86' 대상 컴퓨터 종류와 충돌합니다.
..\..\..\..\..\Downloads\postgresql-10.12-3-windows-x64-binaries\pgsql\lib\wxbase28u_net.lib : warning LNK4272: 'x64' 라이브러리 컴퓨터 종류가 'x86' 대상 컴퓨터 종류와 충돌합니다.
..\..\..\..\..\Downloads\postgresql-10.12-3-windows-x64-binaries\pgsql\lib\wxbase28u_xml.lib : warning LNK4272: 'x64' 라이브러리 컴퓨터 종류가 'x86' 대상 컴퓨터 종류와 충돌합니다.
..\..\..\..\..\Downloads\postgresql-10.12-3-windows-x64-binaries\pgsql\lib\wxmsw28u_adv.lib : warning LNK4272: 'x64' 라이브러리 컴퓨터 종류가 'x86' 대상 컴퓨터 종류와 충돌합니다.
..\..\..\..\..\Downloads\postgresql-10.12-3-windows-x64-binaries\pgsql\lib\wxmsw28u_aui.lib : warning LNK4272: 'x64' 라이브러리 컴퓨터 종류가 'x86' 대상 컴퓨터 종류와 충돌합니다.
..\..\..\..\..\Downloads\postgresql-10.12-3-windows-x64-binaries\pgsql\lib\wxmsw28u_core.lib : warning LNK4272: 'x64' 라이브러리 컴퓨터 종류가 'x86' 대상 컴퓨터 종류와 충돌합니다.
..\..\..\..\..\Downloads\postgresql-10.12-3-windows-x64-binaries\pgsql\lib\wxmsw28u_html.lib : warning LNK4272: 'x64' 라이브러리 컴퓨터 종류가 'x86' 대상 컴퓨터 종류와 충돌합니다.
..\..\..\..\..\Downloads\postgresql-10.12-3-windows-x64-binaries\pgsql\lib\wxmsw28u_stc.lib : warning LNK4272: 'x64' 라이브러리 컴퓨터 종류가 'x86' 대상 컴퓨터 종류와 충돌합니다.
..\..\..\..\..\Downloads\postgresql-10.12-3-windows-x64-binaries\pgsql\lib\wxmsw28u_xrc.lib : warning LNK4272: 'x64' 라이브러리 컴퓨터 종류가 'x86' 대상 컴퓨터 종류와 충돌합니다.
..\..\..\..\..\Downloads\postgresql-10.12-3-windows-x64-binaries\pgsql\lib\zlib.lib : warning LNK4272: 'x64' 라이브러리 컴퓨터 종류가 'x86' 대상 컴퓨터 종류와 충돌합니다.
C:\Users\31337\source\repos\bank\bankserver\Debug\bankserver.exe : fatal error LNK1120: 5개의 확인할 수 없는 외부 참조입니다.
