c:\users\31337\source\repos\bankserver\bankserver\debug\vc142.pdb
c:\users\31337\source\repos\bankserver\bankserver\debug\vc142.idb
c:\users\31337\source\repos\bankserver\bankserver\debug\session_pool.obj
c:\users\31337\source\repos\bankserver\bankserver\debug\listener.obj
c:\users\31337\source\repos\bankserver\bankserver\debug\boosttest.obj
c:\users\31337\source\repos\bankserver\bankserver\debug\session.obj
c:\users\31337\source\repos\bankserver\bankserver\debug\timer.obj
c:\users\31337\source\repos\bankserver\bankserver\debug\bankprotocol.obj
c:\users\31337\source\repos\bankserver\debug\bankserver.exe
c:\users\31337\source\repos\bankserver\debug\bankserver.ilk
c:\users\31337\source\repos\bankserver\debug\bankserver.pdb
c:\users\김영진\downloads\bankserver-master\bankserver-master\bankserver\debug\bankprotocol.obj
c:\users\김영진\downloads\bankserver-master\bankserver-master\bankserver\debug\boosttest.obj
c:\users\김영진\downloads\bankserver-master\bankserver-master\bankserver\debug\listener.obj
c:\users\김영진\downloads\bankserver-master\bankserver-master\bankserver\debug\session.obj
c:\users\김영진\downloads\bankserver-master\bankserver-master\bankserver\debug\session_pool.obj
c:\users\김영진\downloads\bankserver-master\bankserver-master\bankserver\debug\timer.obj
c:\users\김영진\downloads\bankserver-master\bankserver-master\bankserver\debug\vc142.idb
c:\users\김영진\downloads\bankserver-master\bankserver-master\bankserver\debug\vc142.pdb
c:\users\김영진\downloads\bankserver-master\bankserver-master\debug\bankserver.pdb
c:\users\김영진\downloads\bankserver-master\bankserver-master\debug\bankserver.exe
c:\users\김영진\downloads\bankserver-master\bankserver-master\debug\bankserver.ilk
c:\users\김영진\downloads\bankserver-master\bankserver-master\bankserver\debug\bankserver.tlog\cl.command.1.tlog
c:\users\김영진\downloads\bankserver-master\bankserver-master\bankserver\debug\bankserver.tlog\cl.read.1.tlog
c:\users\김영진\downloads\bankserver-master\bankserver-master\bankserver\debug\bankserver.tlog\cl.write.1.tlog
c:\users\김영진\downloads\bankserver-master\bankserver-master\bankserver\debug\bankserver.tlog\link.command.1.tlog
c:\users\김영진\downloads\bankserver-master\bankserver-master\bankserver\debug\bankserver.tlog\link.read.1.tlog
c:\users\김영진\downloads\bankserver-master\bankserver-master\bankserver\debug\bankserver.tlog\link.write.1.tlog
